mode: set
device-db/tests/getDeviceInfo/main.go:30.93,35.14 2 1
device-db/tests/getDeviceInfo/main.go:43.2,51.16 4 1
device-db/tests/getDeviceInfo/main.go:59.2,77.16 5 1
device-db/tests/getDeviceInfo/main.go:84.2,84.27 1 1
device-db/tests/getDeviceInfo/main.go:92.2,95.16 3 1
device-db/tests/getDeviceInfo/main.go:102.2,104.16 2 1
device-db/tests/getDeviceInfo/main.go:112.2,115.8 1 1
device-db/tests/getDeviceInfo/main.go:35.14,40.3 1 1
device-db/tests/getDeviceInfo/main.go:51.16,56.3 1 0
device-db/tests/getDeviceInfo/main.go:77.16,82.3 1 0
device-db/tests/getDeviceInfo/main.go:84.27,89.3 1 1
device-db/tests/getDeviceInfo/main.go:95.16,100.3 1 0
device-db/tests/getDeviceInfo/main.go:104.16,109.3 1 0
device-db/tests/getDeviceInfo/main.go:119.13,121.2 1 0
