mode: set
device-db/tests/postNewDevice/main.go:30.70,35.26 3 1
device-db/tests/postNewDevice/main.go:39.2,39.35 1 1
device-db/tests/postNewDevice/main.go:43.2,43.28 1 1
device-db/tests/postNewDevice/main.go:47.2,47.28 1 1
device-db/tests/postNewDevice/main.go:51.2,51.30 1 1
device-db/tests/postNewDevice/main.go:56.2,57.21 2 1
device-db/tests/postNewDevice/main.go:62.2,69.23 2 1
device-db/tests/postNewDevice/main.go:35.26,38.3 2 1
device-db/tests/postNewDevice/main.go:39.35,42.3 2 1
device-db/tests/postNewDevice/main.go:43.28,46.3 2 1
device-db/tests/postNewDevice/main.go:47.28,50.3 2 1
device-db/tests/postNewDevice/main.go:51.30,54.3 2 1
device-db/tests/postNewDevice/main.go:57.21,59.3 1 1
device-db/tests/postNewDevice/main.go:76.93,82.16 3 1
device-db/tests/postNewDevice/main.go:90.2,92.16 2 1
device-db/tests/postNewDevice/main.go:100.2,105.16 3 1
device-db/tests/postNewDevice/main.go:113.2,120.16 4 1
device-db/tests/postNewDevice/main.go:128.2,137.16 4 1
device-db/tests/postNewDevice/main.go:145.2,147.16 2 1
device-db/tests/postNewDevice/main.go:155.2,158.8 1 1
device-db/tests/postNewDevice/main.go:82.16,87.3 1 1
device-db/tests/postNewDevice/main.go:92.16,97.3 1 1
device-db/tests/postNewDevice/main.go:105.16,110.3 1 0
device-db/tests/postNewDevice/main.go:120.16,125.3 1 0
device-db/tests/postNewDevice/main.go:137.16,142.3 1 0
device-db/tests/postNewDevice/main.go:147.16,152.3 1 0
device-db/tests/postNewDevice/main.go:162.13,164.2 1 0
